Copyright 1986-2022 Xilinx, Inc. All Rights Reserved. Copyright 2022-2024 Advanced Micro Devices, Inc. All Rights Reserved.
---------------------------------------------------------------------------------------------------------------------------------------------------------------------------------------------------------------------------------------------------------------------
| Tool Version : Vivado v.2024.1 (win64) Build 5076996 Wed May 22 18:37:14 MDT 2024
| Date         : Wed Nov 12 21:27:12 2025
| Host         : Pratham_Bansal running 64-bit major release  (build 9200)
| Command      : report_timing_summary -max_paths 10 -report_unconstrained -file traffic_light_controller_timing_summary_routed.rpt -pb traffic_light_controller_timing_summary_routed.pb -rpx traffic_light_controller_timing_summary_routed.rpx -warn_on_violation
| Design       : traffic_light_controller
| Device       : 7a100t-csg324
| Speed File   : -1  PRODUCTION 1.23 2018-06-13
| Design State : Routed
---------------------------------------------------------------------------------------------------------------------------------------------------------------------------------------------------------------------------------------------------------------------

Timing Summary Report

------------------------------------------------------------------------------------------------
| Timer Settings
| --------------
------------------------------------------------------------------------------------------------

  Enable Multi Corner Analysis               :  Yes
  Enable Pessimism Removal                   :  Yes
  Pessimism Removal Resolution               :  Nearest Common Node
  Enable Input Delay Default Clock           :  No
  Enable Preset / Clear Arcs                 :  No
  Disable Flight Delays                      :  No
  Ignore I/O Paths                           :  No
  Timing Early Launch at Borrowing Latches   :  No
  Borrow Time for Max Delay Exceptions       :  Yes
  Merge Timing Exceptions                    :  Yes
  Inter-SLR Compensation                     :  Conservative

  Corner  Analyze    Analyze    
  Name    Max Paths  Min Paths  
  ------  ---------  ---------  
  Slow    Yes        Yes        
  Fast    Yes        Yes        


------------------------------------------------------------------------------------------------
| Report Methodology
| ------------------
------------------------------------------------------------------------------------------------

Rule       Severity          Description                  Violations  
---------  ----------------  ---------------------------  ----------  
TIMING-17  Critical Warning  Non-clocked sequential cell  36          

Note: This report is based on the most recent report_methodology run and may not be up-to-date. Run report_methodology on the current design for the latest report.



check_timing report

Table of Contents
-----------------
1. checking no_clock (36)
2. checking constant_clock (0)
3. checking pulse_width_clock (0)
4. checking unconstrained_internal_endpoints (72)
5. checking no_input_delay (1)
6. checking no_output_delay (12)
7. checking multiple_clock (0)
8. checking generated_clocks (0)
9. checking loops (0)
10. checking partial_input_delay (0)
11. checking partial_output_delay (0)
12. checking latch_loops (0)

1. checking no_clock (36)
-------------------------
 There are 28 register/latch pins with no clock driven by root clock pin: clk (HIGH)

 There are 8 register/latch pins with no clock driven by root clock pin: slow_clk_reg/Q (HIGH)


2. checking constant_clock (0)
------------------------------
 There are 0 register/latch pins with constant_clock.


3. checking pulse_width_clock (0)
---------------------------------
 There are 0 register/latch pins which need pulse_width check


4. checking unconstrained_internal_endpoints (72)
-------------------------------------------------
 There are 72 pins that are not constrained for maximum delay. (HIGH)

 There are 0 pins that are not constrained for maximum delay due to constant clock.


5. checking no_input_delay (1)
------------------------------
 There is 1 input port with no input delay specified. (HIGH)

 There are 0 input ports with no input delay but user has a false path constraint.


6. checking no_output_delay (12)
--------------------------------
 There are 12 ports with no output delay specified. (HIGH)

 There are 0 ports with no output delay but user has a false path constraint

 There are 0 ports with no output delay but with a timing clock defined on it or propagating through it


7. checking multiple_clock (0)
------------------------------
 There are 0 register/latch pins with multiple clocks.


8. checking generated_clocks (0)
--------------------------------
 There are 0 generated clocks that are not connected to a clock source.


9. checking loops (0)
---------------------
 There are 0 combinational loops in the design.


10. checking partial_input_delay (0)
------------------------------------
 There are 0 input ports with partial input delay specified.


11. checking partial_output_delay (0)
-------------------------------------
 There are 0 ports with partial output delay specified.


12. checking latch_loops (0)
----------------------------
 There are 0 combinational latch loops in the design through latch input



------------------------------------------------------------------------------------------------
| Design Timing Summary
| ---------------------
------------------------------------------------------------------------------------------------

    WNS(ns)      TNS(ns)  TNS Failing Endpoints  TNS Total Endpoints      WHS(ns)      THS(ns)  THS Failing Endpoints  THS Total Endpoints     WPWS(ns)     TPWS(ns)  TPWS Failing Endpoints  TPWS Total Endpoints  
    -------      -------  ---------------------  -------------------      -------      -------  ---------------------  -------------------     --------     --------  ----------------------  --------------------  
        inf        0.000                      0                   84          inf        0.000                      0                   84           NA           NA                      NA                    NA  


There are no user specified timing constraints.


------------------------------------------------------------------------------------------------
| Clock Summary
| -------------
------------------------------------------------------------------------------------------------


------------------------------------------------------------------------------------------------
| Intra Clock Table
| -----------------
------------------------------------------------------------------------------------------------

Clock             WNS(ns)      TNS(ns)  TNS Failing Endpoints  TNS Total Endpoints      WHS(ns)      THS(ns)  THS Failing Endpoints  THS Total Endpoints     WPWS(ns)     TPWS(ns)  TPWS Failing Endpoints  TPWS Total Endpoints  
-----             -------      -------  ---------------------  -------------------      -------      -------  ---------------------  -------------------     --------     --------  ----------------------  --------------------  


------------------------------------------------------------------------------------------------
| Inter Clock Table
| -----------------
------------------------------------------------------------------------------------------------

From Clock    To Clock          WNS(ns)      TNS(ns)  TNS Failing Endpoints  TNS Total Endpoints      WHS(ns)      THS(ns)  THS Failing Endpoints  THS Total Endpoints  
----------    --------          -------      -------  ---------------------  -------------------      -------      -------  ---------------------  -------------------  


------------------------------------------------------------------------------------------------
| Other Path Groups Table
| -----------------------
------------------------------------------------------------------------------------------------

Path Group    From Clock    To Clock          WNS(ns)      TNS(ns)  TNS Failing Endpoints  TNS Total Endpoints      WHS(ns)      THS(ns)  THS Failing Endpoints  THS Total Endpoints  
----------    ----------    --------          -------      -------  ---------------------  -------------------      -------      -------  ---------------------  -------------------  


------------------------------------------------------------------------------------------------
| User Ignored Path Table
| -----------------------
------------------------------------------------------------------------------------------------

Path Group    From Clock    To Clock    
----------    ----------    --------    


------------------------------------------------------------------------------------------------
| Unconstrained Path Table
| ------------------------
------------------------------------------------------------------------------------------------

Path Group    From Clock    To Clock    
----------    ----------    --------    
(none)                                    


------------------------------------------------------------------------------------------------
| Timing Details
| --------------
------------------------------------------------------------------------------------------------


--------------------------------------------------------------------------------------
Path Group:  (none)
From Clock:  
  To Clock:  

Max Delay            84 Endpoints
Min Delay            84 Endpoints
--------------------------------------------------------------------------------------


Max Delay Paths
--------------------------------------------------------------------------------------
Slack:                    inf
  Source:                 current_state_reg[2]/C
                            (rising edge-triggered cell FDCE)
  Destination:            WL[0]
                            (output port)
  Path Group:             (none)
  Path Type:              Max at Slow Process Corner
  Data Path Delay:        7.788ns  (logic 4.268ns (54.799%)  route 3.520ns (45.201%))
  Logic Levels:           3  (FDCE=1 LUT3=1 OBUF=1)

    Location             Delay type                Incr(ns)  Path(ns)    Netlist Resource(s)
  -------------------------------------------------------------------    -------------------
    SLICE_X0Y66          FDCE                         0.000     0.000 r  current_state_reg[2]/C
    SLICE_X0Y66          FDCE (Prop_fdce_C_Q)         0.419     0.419 r  current_state_reg[2]/Q
                         net (fo=14, routed)          1.025     1.444    current_state[2]
    SLICE_X0Y64          LUT3 (Prop_lut3_I1_O)        0.297     1.741 r  WL_OBUF[0]_inst_i_1/O
                         net (fo=1, routed)           2.495     4.236    WL_OBUF[0]
    R18                  OBUF (Prop_obuf_I_O)         3.552     7.788 r  WL_OBUF[0]_inst/O
                         net (fo=0)                   0.000     7.788    WL[0]
    R18                                                               r  WL[0] (OUT)
  -------------------------------------------------------------------    -------------------

Slack:                    inf
  Source:                 current_state_reg[1]/C
                            (rising edge-triggered cell FDCE)
  Destination:            NL[1]
                            (output port)
  Path Group:             (none)
  Path Type:              Max at Slow Process Corner
  Data Path Delay:        7.258ns  (logic 4.380ns (60.350%)  route 2.878ns (39.650%))
  Logic Levels:           3  (FDCE=1 LUT3=1 OBUF=1)

    Location             Delay type                Incr(ns)  Path(ns)    Netlist Resource(s)
  -------------------------------------------------------------------    -------------------
    SLICE_X0Y66          FDCE                         0.000     0.000 r  current_state_reg[1]/C
    SLICE_X0Y66          FDCE (Prop_fdce_C_Q)         0.456     0.456 f  current_state_reg[1]/Q
                         net (fo=13, routed)          1.006     1.462    current_state[1]
    SLICE_X0Y64          LUT3 (Prop_lut3_I2_O)        0.152     1.614 r  NL_OBUF[1]_inst_i_1/O
                         net (fo=1, routed)           1.872     3.486    NL_OBUF[1]
    V12                  OBUF (Prop_obuf_I_O)         3.772     7.258 r  NL_OBUF[1]_inst/O
                         net (fo=0)                   0.000     7.258    NL[1]
    V12                                                               r  NL[1] (OUT)
  -------------------------------------------------------------------    -------------------

Slack:                    inf
  Source:                 current_state_reg[1]/C
                            (rising edge-triggered cell FDCE)
  Destination:            SL[1]
                            (output port)
  Path Group:             (none)
  Path Type:              Max at Slow Process Corner
  Data Path Delay:        7.209ns  (logic 4.347ns (60.301%)  route 2.862ns (39.699%))
  Logic Levels:           3  (FDCE=1 LUT3=1 OBUF=1)

    Location             Delay type                Incr(ns)  Path(ns)    Netlist Resource(s)
  -------------------------------------------------------------------    -------------------
    SLICE_X0Y66          FDCE                         0.000     0.000 r  current_state_reg[1]/C
    SLICE_X0Y66          FDCE (Prop_fdce_C_Q)         0.456     0.456 f  current_state_reg[1]/Q
                         net (fo=13, routed)          0.999     1.455    current_state[1]
    SLICE_X0Y64          LUT3 (Prop_lut3_I2_O)        0.152     1.607 r  SL_OBUF[1]_inst_i_1/O
                         net (fo=1, routed)           1.863     3.470    SL_OBUF[1]
    T16                  OBUF (Prop_obuf_I_O)         3.739     7.209 r  SL_OBUF[1]_inst/O
                         net (fo=0)                   0.000     7.209    SL[1]
    T16                                                               r  SL[1] (OUT)
  -------------------------------------------------------------------    -------------------

Slack:                    inf
  Source:                 current_state_reg[2]/C
                            (rising edge-triggered cell FDCE)
  Destination:            WL[1]
                            (output port)
  Path Group:             (none)
  Path Type:              Max at Slow Process Corner
  Data Path Delay:        7.199ns  (logic 4.501ns (62.516%)  route 2.699ns (37.484%))
  Logic Levels:           3  (FDCE=1 LUT3=1 OBUF=1)

    Location             Delay type                Incr(ns)  Path(ns)    Netlist Resource(s)
  -------------------------------------------------------------------    -------------------
    SLICE_X0Y66          FDCE                         0.000     0.000 r  current_state_reg[2]/C
    SLICE_X0Y66          FDCE (Prop_fdce_C_Q)         0.419     0.419 r  current_state_reg[2]/Q
                         net (fo=14, routed)          1.025     1.444    current_state[2]
    SLICE_X0Y64          LUT3 (Prop_lut3_I1_O)        0.327     1.771 r  WL_OBUF[1]_inst_i_1/O
                         net (fo=1, routed)           1.674     3.445    WL_OBUF[1]
    V17                  OBUF (Prop_obuf_I_O)         3.755     7.199 r  WL_OBUF[1]_inst/O
                         net (fo=0)                   0.000     7.199    WL[1]
    V17                                                               r  WL[1] (OUT)
  -------------------------------------------------------------------    -------------------

Slack:                    inf
  Source:                 current_state_reg[1]/C
                            (rising edge-triggered cell FDCE)
  Destination:            SL[2]
                            (output port)
  Path Group:             (none)
  Path Type:              Max at Slow Process Corner
  Data Path Delay:        7.086ns  (logic 4.368ns (61.641%)  route 2.718ns (38.359%))
  Logic Levels:           3  (FDCE=1 LUT2=1 OBUF=1)

    Location             Delay type                Incr(ns)  Path(ns)    Netlist Resource(s)
  -------------------------------------------------------------------    -------------------
    SLICE_X0Y66          FDCE                         0.000     0.000 r  current_state_reg[1]/C
    SLICE_X0Y66          FDCE (Prop_fdce_C_Q)         0.456     0.456 r  current_state_reg[1]/Q
                         net (fo=13, routed)          0.894     1.350    current_state[1]
    SLICE_X0Y66          LUT2 (Prop_lut2_I0_O)        0.152     1.502 r  SL_OBUF[2]_inst_i_1/O
                         net (fo=1, routed)           1.824     3.326    SL_OBUF[2]
    V15                  OBUF (Prop_obuf_I_O)         3.760     7.086 r  SL_OBUF[2]_inst/O
                         net (fo=0)                   0.000     7.086    SL[2]
    V15                                                               r  SL[2] (OUT)
  -------------------------------------------------------------------    -------------------

Slack:                    inf
  Source:                 current_state_reg[0]/C
                            (rising edge-triggered cell FDCE)
  Destination:            EL[0]
                            (output port)
  Path Group:             (none)
  Path Type:              Max at Slow Process Corner
  Data Path Delay:        7.083ns  (logic 4.365ns (61.631%)  route 2.718ns (38.369%))
  Logic Levels:           3  (FDCE=1 LUT3=1 OBUF=1)

    Location             Delay type                Incr(ns)  Path(ns)    Netlist Resource(s)
  -------------------------------------------------------------------    -------------------
    SLICE_X0Y66          FDCE                         0.000     0.000 r  current_state_reg[0]/C
    SLICE_X0Y66          FDCE (Prop_fdce_C_Q)         0.456     0.456 f  current_state_reg[0]/Q
                         net (fo=13, routed)          0.906     1.362    current_state[0]
    SLICE_X0Y66          LUT3 (Prop_lut3_I0_O)        0.152     1.514 r  EL_OBUF[0]_inst_i_1/O
                         net (fo=1, routed)           1.812     3.326    EL_OBUF[0]
    U16                  OBUF (Prop_obuf_I_O)         3.757     7.083 r  EL_OBUF[0]_inst/O
                         net (fo=0)                   0.000     7.083    EL[0]
    U16                                                               r  EL[0] (OUT)
  -------------------------------------------------------------------    -------------------

Slack:                    inf
  Source:                 current_state_reg[1]/C
                            (rising edge-triggered cell FDCE)
  Destination:            EL[2]
                            (output port)
  Path Group:             (none)
  Path Type:              Max at Slow Process Corner
  Data Path Delay:        7.078ns  (logic 4.364ns (61.660%)  route 2.714ns (38.340%))
  Logic Levels:           3  (FDCE=1 LUT2=1 OBUF=1)

    Location             Delay type                Incr(ns)  Path(ns)    Netlist Resource(s)
  -------------------------------------------------------------------    -------------------
    SLICE_X0Y66          FDCE                         0.000     0.000 r  current_state_reg[1]/C
    SLICE_X0Y66          FDCE (Prop_fdce_C_Q)         0.456     0.456 f  current_state_reg[1]/Q
                         net (fo=13, routed)          0.848     1.304    current_state[1]
    SLICE_X0Y65          LUT2 (Prop_lut2_I1_O)        0.152     1.456 r  EL_OBUF[2]_inst_i_1/O
                         net (fo=1, routed)           1.866     3.322    EL_OBUF[2]
    T15                  OBUF (Prop_obuf_I_O)         3.756     7.078 r  EL_OBUF[2]_inst/O
                         net (fo=0)                   0.000     7.078    EL[2]
    T15                                                               r  EL[2] (OUT)
  -------------------------------------------------------------------    -------------------

Slack:                    inf
  Source:                 current_state_reg[1]/C
                            (rising edge-triggered cell FDCE)
  Destination:            NL[0]
                            (output port)
  Path Group:             (none)
  Path Type:              Max at Slow Process Corner
  Data Path Delay:        7.070ns  (logic 4.134ns (58.477%)  route 2.936ns (41.523%))
  Logic Levels:           3  (FDCE=1 LUT3=1 OBUF=1)

    Location             Delay type                Incr(ns)  Path(ns)    Netlist Resource(s)
  -------------------------------------------------------------------    -------------------
    SLICE_X0Y66          FDCE                         0.000     0.000 r  current_state_reg[1]/C
    SLICE_X0Y66          FDCE (Prop_fdce_C_Q)         0.456     0.456 f  current_state_reg[1]/Q
                         net (fo=13, routed)          1.006     1.462    current_state[1]
    SLICE_X0Y64          LUT3 (Prop_lut3_I2_O)        0.124     1.586 r  NL_OBUF[0]_inst_i_1/O
                         net (fo=1, routed)           1.929     3.516    NL_OBUF[0]
    V14                  OBUF (Prop_obuf_I_O)         3.554     7.070 r  NL_OBUF[0]_inst/O
                         net (fo=0)                   0.000     7.070    NL[0]
    V14                                                               r  NL[0] (OUT)
  -------------------------------------------------------------------    -------------------

Slack:                    inf
  Source:                 current_state_reg[1]/C
                            (rising edge-triggered cell FDCE)
  Destination:            SL[0]
                            (output port)
  Path Group:             (none)
  Path Type:              Max at Slow Process Corner
  Data Path Delay:        6.992ns  (logic 4.132ns (59.104%)  route 2.859ns (40.896%))
  Logic Levels:           3  (FDCE=1 LUT3=1 OBUF=1)

    Location             Delay type                Incr(ns)  Path(ns)    Netlist Resource(s)
  -------------------------------------------------------------------    -------------------
    SLICE_X0Y66          FDCE                         0.000     0.000 r  current_state_reg[1]/C
    SLICE_X0Y66          FDCE (Prop_fdce_C_Q)         0.456     0.456 f  current_state_reg[1]/Q
                         net (fo=13, routed)          0.999     1.455    current_state[1]
    SLICE_X0Y64          LUT3 (Prop_lut3_I2_O)        0.124     1.579 r  SL_OBUF[0]_inst_i_1/O
                         net (fo=1, routed)           1.860     3.439    SL_OBUF[0]
    U14                  OBUF (Prop_obuf_I_O)         3.552     6.992 r  SL_OBUF[0]_inst/O
                         net (fo=0)                   0.000     6.992    SL[0]
    U14                                                               r  SL[0] (OUT)
  -------------------------------------------------------------------    -------------------

Slack:                    inf
  Source:                 current_state_reg[1]/C
                            (rising edge-triggered cell FDCE)
  Destination:            NL[2]
                            (output port)
  Path Group:             (none)
  Path Type:              Max at Slow Process Corner
  Data Path Delay:        6.961ns  (logic 4.149ns (59.606%)  route 2.812ns (40.394%))
  Logic Levels:           3  (FDCE=1 LUT2=1 OBUF=1)

    Location             Delay type                Incr(ns)  Path(ns)    Netlist Resource(s)
  -------------------------------------------------------------------    -------------------
    SLICE_X0Y66          FDCE                         0.000     0.000 r  current_state_reg[1]/C
    SLICE_X0Y66          FDCE (Prop_fdce_C_Q)         0.456     0.456 r  current_state_reg[1]/Q
                         net (fo=13, routed)          0.894     1.350    current_state[1]
    SLICE_X0Y66          LUT2 (Prop_lut2_I1_O)        0.124     1.474 r  NL_OBUF[2]_inst_i_1/O
                         net (fo=1, routed)           1.917     3.392    NL_OBUF[2]
    V11                  OBUF (Prop_obuf_I_O)         3.569     6.961 r  NL_OBUF[2]_inst/O
                         net (fo=0)                   0.000     6.961    NL[2]
    V11                                                               r  NL[2] (OUT)
  -------------------------------------------------------------------    -------------------





Min Delay Paths
--------------------------------------------------------------------------------------
Slack:                    inf
  Source:                 timer_count_reg[1]/C
                            (rising edge-triggered cell FDCE)
  Destination:            timer_count_reg[2]/D
  Path Group:             (none)
  Path Type:              Min at Fast Process Corner
  Data Path Delay:        0.353ns  (logic 0.186ns (52.629%)  route 0.167ns (47.371%))
  Logic Levels:           2  (FDCE=1 LUT6=1)

    Location             Delay type                Incr(ns)  Path(ns)    Netlist Resource(s)
  -------------------------------------------------------------------    -------------------
    SLICE_X1Y66          FDCE                         0.000     0.000 r  timer_count_reg[1]/C
    SLICE_X1Y66          FDCE (Prop_fdce_C_Q)         0.141     0.141 r  timer_count_reg[1]/Q
                         net (fo=5, routed)           0.167     0.308    timer_count_reg[1]
    SLICE_X1Y66          LUT6 (Prop_lut6_I0_O)        0.045     0.353 r  timer_count[2]_i_1/O
                         net (fo=1, routed)           0.000     0.353    p_0_in[2]
    SLICE_X1Y66          FDCE                                         r  timer_count_reg[2]/D
  -------------------------------------------------------------------    -------------------

Slack:                    inf
  Source:                 timer_count_reg[1]/C
                            (rising edge-triggered cell FDCE)
  Destination:            timer_count_reg[3]/D
  Path Group:             (none)
  Path Type:              Min at Fast Process Corner
  Data Path Delay:        0.353ns  (logic 0.186ns (52.629%)  route 0.167ns (47.371%))
  Logic Levels:           2  (FDCE=1 LUT6=1)

    Location             Delay type                Incr(ns)  Path(ns)    Netlist Resource(s)
  -------------------------------------------------------------------    -------------------
    SLICE_X1Y66          FDCE                         0.000     0.000 r  timer_count_reg[1]/C
    SLICE_X1Y66          FDCE (Prop_fdce_C_Q)         0.141     0.141 r  timer_count_reg[1]/Q
                         net (fo=5, routed)           0.167     0.308    timer_count_reg[1]
    SLICE_X1Y66          LUT6 (Prop_lut6_I0_O)        0.045     0.353 r  timer_count[3]_i_1/O
                         net (fo=1, routed)           0.000     0.353    p_0_in[3]
    SLICE_X1Y66          FDPE                                         r  timer_count_reg[3]/D
  -------------------------------------------------------------------    -------------------

Slack:                    inf
  Source:                 timer_count_reg[1]/C
                            (rising edge-triggered cell FDCE)
  Destination:            timer_done_reg/D
  Path Group:             (none)
  Path Type:              Min at Fast Process Corner
  Data Path Delay:        0.362ns  (logic 0.183ns (50.505%)  route 0.179ns (49.495%))
  Logic Levels:           2  (FDCE=1 LUT4=1)

    Location             Delay type                Incr(ns)  Path(ns)    Netlist Resource(s)
  -------------------------------------------------------------------    -------------------
    SLICE_X1Y66          FDCE                         0.000     0.000 r  timer_count_reg[1]/C
    SLICE_X1Y66          FDCE (Prop_fdce_C_Q)         0.141     0.141 f  timer_count_reg[1]/Q
                         net (fo=5, routed)           0.179     0.320    timer_count_reg[1]
    SLICE_X1Y66          LUT4 (Prop_lut4_I3_O)        0.042     0.362 r  timer_done_i_1/O
                         net (fo=1, routed)           0.000     0.362    timer_done
    SLICE_X1Y66          FDCE                                         r  timer_done_reg/D
  -------------------------------------------------------------------    -------------------

Slack:                    inf
  Source:                 timer_count_reg[1]/C
                            (rising edge-triggered cell FDCE)
  Destination:            timer_count_reg[1]/D
  Path Group:             (none)
  Path Type:              Min at Fast Process Corner
  Data Path Delay:        0.365ns  (logic 0.186ns (50.911%)  route 0.179ns (49.089%))
  Logic Levels:           2  (FDCE=1 LUT4=1)

    Location             Delay type                Incr(ns)  Path(ns)    Netlist Resource(s)
  -------------------------------------------------------------------    -------------------
    SLICE_X1Y66          FDCE                         0.000     0.000 r  timer_count_reg[1]/C
    SLICE_X1Y66          FDCE (Prop_fdce_C_Q)         0.141     0.141 r  timer_count_reg[1]/Q
                         net (fo=5, routed)           0.179     0.320    timer_count_reg[1]
    SLICE_X1Y66          LUT4 (Prop_lut4_I2_O)        0.045     0.365 r  timer_count[1]_i_1/O
                         net (fo=1, routed)           0.000     0.365    timer_count[1]_i_1_n_0
    SLICE_X1Y66          FDCE                                         r  timer_count_reg[1]/D
  -------------------------------------------------------------------    -------------------

Slack:                    inf
  Source:                 timer_count_reg[1]/C
                            (rising edge-triggered cell FDCE)
  Destination:            timer_count_reg[0]/D
  Path Group:             (none)
  Path Type:              Min at Fast Process Corner
  Data Path Delay:        0.367ns  (logic 0.186ns (50.634%)  route 0.181ns (49.366%))
  Logic Levels:           2  (FDCE=1 LUT4=1)

    Location             Delay type                Incr(ns)  Path(ns)    Netlist Resource(s)
  -------------------------------------------------------------------    -------------------
    SLICE_X1Y66          FDCE                         0.000     0.000 r  timer_count_reg[1]/C
    SLICE_X1Y66          FDCE (Prop_fdce_C_Q)         0.141     0.141 r  timer_count_reg[1]/Q
                         net (fo=5, routed)           0.181     0.322    timer_count_reg[1]
    SLICE_X1Y66          LUT4 (Prop_lut4_I2_O)        0.045     0.367 r  timer_count[0]_i_1/O
                         net (fo=1, routed)           0.000     0.367    timer_count[0]_i_1_n_0
    SLICE_X1Y66          FDCE                                         r  timer_count_reg[0]/D
  -------------------------------------------------------------------    -------------------

Slack:                    inf
  Source:                 current_state_reg[0]/C
                            (rising edge-triggered cell FDCE)
  Destination:            current_state_reg[2]/D
  Path Group:             (none)
  Path Type:              Min at Fast Process Corner
  Data Path Delay:        0.381ns  (logic 0.183ns (48.034%)  route 0.198ns (51.966%))
  Logic Levels:           2  (FDCE=1 LUT3=1)

    Location             Delay type                Incr(ns)  Path(ns)    Netlist Resource(s)
  -------------------------------------------------------------------    -------------------
    SLICE_X0Y66          FDCE                         0.000     0.000 r  current_state_reg[0]/C
    SLICE_X0Y66          FDCE (Prop_fdce_C_Q)         0.141     0.141 r  current_state_reg[0]/Q
                         net (fo=13, routed)          0.198     0.339    current_state[0]
    SLICE_X0Y66          LUT3 (Prop_lut3_I0_O)        0.042     0.381 r  current_state[2]_i_1/O
                         net (fo=1, routed)           0.000     0.381    next_state[2]
    SLICE_X0Y66          FDCE                                         r  current_state_reg[2]/D
  -------------------------------------------------------------------    -------------------

Slack:                    inf
  Source:                 current_state_reg[0]/C
                            (rising edge-triggered cell FDCE)
  Destination:            current_state_reg[0]/D
  Path Group:             (none)
  Path Type:              Min at Fast Process Corner
  Data Path Delay:        0.381ns  (logic 0.186ns (48.802%)  route 0.195ns (51.198%))
  Logic Levels:           2  (FDCE=1 LUT2=1)

    Location             Delay type                Incr(ns)  Path(ns)    Netlist Resource(s)
  -------------------------------------------------------------------    -------------------
    SLICE_X0Y66          FDCE                         0.000     0.000 r  current_state_reg[0]/C
    SLICE_X0Y66          FDCE (Prop_fdce_C_Q)         0.141     0.141 r  current_state_reg[0]/Q
                         net (fo=13, routed)          0.195     0.336    current_state[0]
    SLICE_X0Y66          LUT2 (Prop_lut2_I1_O)        0.045     0.381 r  current_state[0]_i_1/O
                         net (fo=1, routed)           0.000     0.381    next_state[0]
    SLICE_X0Y66          FDCE                                         r  current_state_reg[0]/D
  -------------------------------------------------------------------    -------------------

Slack:                    inf
  Source:                 current_state_reg[1]/C
                            (rising edge-triggered cell FDCE)
  Destination:            current_state_reg[1]/D
  Path Group:             (none)
  Path Type:              Min at Fast Process Corner
  Data Path Delay:        0.383ns  (logic 0.186ns (48.572%)  route 0.197ns (51.428%))
  Logic Levels:           2  (FDCE=1 LUT4=1)

    Location             Delay type                Incr(ns)  Path(ns)    Netlist Resource(s)
  -------------------------------------------------------------------    -------------------
    SLICE_X0Y66          FDCE                         0.000     0.000 r  current_state_reg[1]/C
    SLICE_X0Y66          FDCE (Prop_fdce_C_Q)         0.141     0.141 r  current_state_reg[1]/Q
                         net (fo=13, routed)          0.197     0.338    current_state[1]
    SLICE_X0Y66          LUT4 (Prop_lut4_I3_O)        0.045     0.383 r  current_state[1]_i_1/O
                         net (fo=1, routed)           0.000     0.383    next_state[1]
    SLICE_X0Y66          FDCE                                         r  current_state_reg[1]/D
  -------------------------------------------------------------------    -------------------

Slack:                    inf
  Source:                 slow_clk_reg/C
                            (rising edge-triggered cell FDCE)
  Destination:            slow_clk_reg/D
  Path Group:             (none)
  Path Type:              Min at Fast Process Corner
  Data Path Delay:        0.420ns  (logic 0.186ns (44.323%)  route 0.234ns (55.677%))
  Logic Levels:           2  (FDCE=1 LUT4=1)

    Location             Delay type                Incr(ns)  Path(ns)    Netlist Resource(s)
  -------------------------------------------------------------------    -------------------
    SLICE_X3Y66          FDCE                         0.000     0.000 r  slow_clk_reg/C
    SLICE_X3Y66          FDCE (Prop_fdce_C_Q)         0.141     0.141 r  slow_clk_reg/Q
                         net (fo=9, routed)           0.234     0.375    slow_clk_reg_n_0
    SLICE_X3Y66          LUT4 (Prop_lut4_I3_O)        0.045     0.420 r  slow_clk_i_1/O
                         net (fo=1, routed)           0.000     0.420    slow_clk_i_1_n_0
    SLICE_X3Y66          FDCE                                         r  slow_clk_reg/D
  -------------------------------------------------------------------    -------------------

Slack:                    inf
  Source:                 clk_div_counter_reg[16]/C
                            (rising edge-triggered cell FDCE)
  Destination:            clk_div_counter_reg[13]/D
  Path Group:             (none)
  Path Type:              Min at Fast Process Corner
  Data Path Delay:        0.572ns  (logic 0.271ns (47.387%)  route 0.301ns (52.613%))
  Logic Levels:           3  (FDCE=1 LUT4=1 LUT5=1)

    Location             Delay type                Incr(ns)  Path(ns)    Netlist Resource(s)
  -------------------------------------------------------------------    -------------------
    SLICE_X3Y68          FDCE                         0.000     0.000 r  clk_div_counter_reg[16]/C
    SLICE_X3Y68          FDCE (Prop_fdce_C_Q)         0.128     0.128 r  clk_div_counter_reg[16]/Q
                         net (fo=2, routed)           0.101     0.229    clk_div_counter_reg_n_0_[16]
    SLICE_X3Y68          LUT5 (Prop_lut5_I0_O)        0.098     0.327 r  clk_div_counter[26]_i_4/O
                         net (fo=27, routed)          0.199     0.527    clk_div_counter[26]_i_4_n_0
    SLICE_X3Y68          LUT4 (Prop_lut4_I2_O)        0.045     0.572 r  clk_div_counter[13]_i_1/O
                         net (fo=1, routed)           0.000     0.572    clk_div_counter[13]
    SLICE_X3Y68          FDCE                                         r  clk_div_counter_reg[13]/D
  -------------------------------------------------------------------    -------------------





